Simulator Started for experiment: stage0_baseline on cpu
Episode 1/200 | Reward: -9003.00 | Avg Loss: 21.9837 | Epsilon: 0.995
Episode 2/200 | Reward: -12421.00 | Avg Loss: 7.6613 | Epsilon: 0.990
Episode 3/200 | Reward: -10592.00 | Avg Loss: 5.6688 | Epsilon: 0.985
Episode 4/200 | Reward: -11598.00 | Avg Loss: 4.7408 | Epsilon: 0.980
Episode 5/200 | Reward: -12018.00 | Avg Loss: 4.1235 | Epsilon: 0.975
Episode 6/200 | Reward: -10792.00 | Avg Loss: 3.8113 | Epsilon: 0.970
Episode 7/200 | Reward: -9234.00 | Avg Loss: 3.7497 | Epsilon: 0.966
Episode 8/200 | Reward: -12136.00 | Avg Loss: 3.7443 | Epsilon: 0.961
Episode 9/200 | Reward: -11394.00 | Avg Loss: 3.6990 | Epsilon: 0.956
Episode 10/200 | Reward: -11291.00 | Avg Loss: 3.6423 | Epsilon: 0.951
Traceback (most recent call last):
  File "E:\Projects\FedLearning-Robotics\src\control.py", line 145, in run
    loss = agent.replay()
           ^^^^^^^^^^^^^^
  File "E:\Projects\FedLearning-Robotics\src\agent.py", line 70, in replay
    current_q_values = self.model(states).gather(1, actions)
                       ^^^^^^^^^^^^^^^^^^
  File "E:\Projects\FedLearning-Robotics\robo\Lib\site-packages\torch\nn\modules\module.py", line 1776, in _wrapped_call_impl
    return self._call_impl(*args, **kwargs)
           ^^^^^^^^^^^^^^^^^^^^^^^^^^^^^^^^
  File "E:\Projects\FedLearning-Robotics\robo\Lib\site-packages\torch\nn\modules\module.py", line 1787, in _call_impl
    return forward_call(*args, **kwargs)
           ^^^^^^^^^^^^^^^^^^^^^^^^^^^^^
  File "E:\Projects\FedLearning-Robotics\src\agent.py", line 18, in forward
    x = F.relu(self.fc1(state))
               ^^^^^^^^^^^^^^^
  File "E:\Projects\FedLearning-Robotics\robo\Lib\site-packages\torch\nn\modules\module.py", line 1776, in _wrapped_call_impl
    return self._call_impl(*args, **kwargs)
           ^^^^^^^^^^^^^^^^^^^^^^^^^^^^^^^^
  File "E:\Projects\FedLearning-Robotics\robo\Lib\site-packages\torch\nn\modules\module.py", line 1787, in _call_impl
    return forward_call(*args, **kwargs)
           ^^^^^^^^^^^^^^^^^^^^^^^^^^^^^
  File "E:\Projects\FedLearning-Robotics\robo\Lib\site-packages\torch\nn\modules\linear.py", line 134, in forward
    return F.linear(input, self.weight, self.bias)
           ^^^^^^^^^^^^^^^^^^^^^^^^^^^^^^^^^^^^^^^
KeyboardInterrupt

During handling of the above exception, another exception occurred:

Traceback (most recent call last):
  File "E:\Projects\FedLearning-Robotics\src\control.py", line 191, in <module>
    run(args.experiment)
  File "E:\Projects\FedLearning-Robotics\src\control.py", line 169, in run
    traci.close()
  File "C:\Program Files (x86)\Eclipse\Sumo\tools\traci\main.py", line 264, in close
    connection.check().close(wait)
  File "C:\Program Files (x86)\Eclipse\Sumo\tools\traci\connection.py", line 402, in close
    self._process.wait()
  File "C:\Python312\Lib\subprocess.py", line 1264, in wait
    return self._wait(timeout=timeout)
           ^^^^^^^^^^^^^^^^^^^^^^^^^^^
  File "C:\Python312\Lib\subprocess.py", line 1590, in _wait
    result = _winapi.WaitForSingleObject(self._handle,
             ^^^^^^^^^^^^^^^^^^^^^^^^^^^^^^^^^^^^^^^^^
KeyboardInterrupt
