Simulator Started for experiment: stage1_speed_variation on cpu
Episode 1/50 | Reward: -9181.00 | Avg Loss: 22.7596 | Epsilon: 0.995
Episode 2/50 | Reward: -13005.00 | Avg Loss: 8.0657 | Epsilon: 0.990
Episode 3/50 | Reward: -8667.00 | Avg Loss: 5.9378 | Epsilon: 0.985
Episode 4/50 | Reward: -2730.00 | Avg Loss: 4.6639 | Epsilon: 0.980
Episode 5/50 | Reward: 0.00 | Avg Loss: 3.5181 | Epsilon: 0.975
Episode 6/50 | Reward: 0.00 | Avg Loss: 2.4738 | Epsilon: 0.970
Episode 7/50 | Reward: 0.00 | Avg Loss: 2.0752 | Epsilon: 0.966
Episode 8/50 | Reward: 0.00 | Avg Loss: 1.7174 | Epsilon: 0.961
Episode 9/50 | Reward: 0.00 | Avg Loss: 1.4569 | Epsilon: 0.956
Episode 10/50 | Reward: 0.00 | Avg Loss: 1.2992 | Epsilon: 0.951
Episode 11/50 | Reward: 0.00 | Avg Loss: 3.9752 | Epsilon: 0.946
Episode 12/50 | Reward: 0.00 | Avg Loss: 2.2075 | Epsilon: 0.942
Episode 13/50 | Reward: 0.00 | Avg Loss: 1.8792 | Epsilon: 0.937
Episode 14/50 | Reward: 0.00 | Avg Loss: 1.6852 | Epsilon: 0.932
Episode 15/50 | Reward: 0.00 | Avg Loss: 1.6047 | Epsilon: 0.928
Episode 16/50 | Reward: 0.00 | Avg Loss: 1.5246 | Epsilon: 0.923
Episode 17/50 | Reward: 0.00 | Avg Loss: 1.4242 | Epsilon: 0.918
Episode 18/50 | Reward: 0.00 | Avg Loss: 1.2451 | Epsilon: 0.914
Episode 19/50 | Reward: 0.00 | Avg Loss: 1.2149 | Epsilon: 0.909
Episode 20/50 | Reward: 0.00 | Avg Loss: 1.1244 | Epsilon: 0.905
Episode 21/50 | Reward: 0.00 | Avg Loss: 2.0753 | Epsilon: 0.900
Episode 22/50 | Reward: 0.00 | Avg Loss: 1.5605 | Epsilon: 0.896
Episode 23/50 | Reward: 0.00 | Avg Loss: 1.3699 | Epsilon: 0.891
Episode 24/50 | Reward: 0.00 | Avg Loss: 1.3520 | Epsilon: 0.887
Traceback (most recent call last):
  File "E:\Projects\FedLearning-Robotics\src\control.py", line 326, in run
    loss = agent.replay()
           ^^^^^^^^^^^^^^
  File "E:\Projects\FedLearning-Robotics\src\agent.py", line 85, in replay
    self.optimizer.step()
  File "E:\Projects\FedLearning-Robotics\robo\Lib\site-packages\torch\optim\optimizer.py", line 526, in wrapper
    out = func(*args, **kwargs)
          ^^^^^^^^^^^^^^^^^^^^^
  File "E:\Projects\FedLearning-Robotics\robo\Lib\site-packages\torch\optim\optimizer.py", line 81, in _use_grad
    ret = func(*args, **kwargs)
          ^^^^^^^^^^^^^^^^^^^^^
  File "E:\Projects\FedLearning-Robotics\robo\Lib\site-packages\torch\optim\adam.py", line 248, in step
    adam(
  File "E:\Projects\FedLearning-Robotics\robo\Lib\site-packages\torch\optim\optimizer.py", line 151, in maybe_fallback
    return func(*args, **kwargs)
           ^^^^^^^^^^^^^^^^^^^^^
  File "E:\Projects\FedLearning-Robotics\robo\Lib\site-packages\torch\optim\adam.py", line 970, in adam
    func(
  File "E:\Projects\FedLearning-Robotics\robo\Lib\site-packages\torch\optim\adam.py", line 431, in _single_tensor_adam
    if torch.is_complex(param):
       ^^^^^^^^^^^^^^^^^^^^^^^
KeyboardInterrupt

During handling of the above exception, another exception occurred:

Traceback (most recent call last):
  File "E:\Projects\FedLearning-Robotics\src\control.py", line 369, in <module>
    run(exp)
  File "E:\Projects\FedLearning-Robotics\src\control.py", line 350, in run
    traci.close()
  File "C:\Program Files (x86)\Eclipse\Sumo\tools\traci\main.py", line 264, in close
    connection.check().close(wait)
  File "C:\Program Files (x86)\Eclipse\Sumo\tools\traci\connection.py", line 402, in close
    self._process.wait()
  File "C:\Python312\Lib\subprocess.py", line 1264, in wait
    return self._wait(timeout=timeout)
           ^^^^^^^^^^^^^^^^^^^^^^^^^^^
  File "C:\Python312\Lib\subprocess.py", line 1590, in _wait
    result = _winapi.WaitForSingleObject(self._handle,
             ^^^^^^^^^^^^^^^^^^^^^^^^^^^^^^^^^^^^^^^^^
KeyboardInterrupt
